This is pdfeTeX, Version 3.141592-1.21a-2.2 (Web2C 7.5.4) (format=pdflatex 2010.8.2)  1 SEP 2010 17:23
entering extended mode
**manual-etva-cm
(./manual-etva-cm.tex
LaTeX2e <2003/12/01>
Babel <v3.8d> and hyphenation patterns for american, french, german, ngerman, b
ahasa, basque, bulgarian, catalan, croatian, czech, danish, dutch, esperanto, e
stonian, finnish, greek, icelandic, irish, italian, latin, magyar, norsk, polis
h, portuges, romanian, russian, serbian, slovak, slovene, spanish, swedish, tur
kish, ukrainian, nohyphenation, loaded.
(/usr/share/texmf/tex/latex/koma-script/scrreprt.cls
Document Class: scrreprt 2004/09/16 v2.9t LaTeX2e KOMA document class
(/usr/share/texmf/tex/latex/koma-script/scrlfile.sty
Package: scrlfile 2004/09/16 v2.9t LaTeX2e KOMA package

Package scrlfile, 2004/09/16 v2.9t LaTeX2e KOMA package
                  Copyright (C) Markus Kohm

) (/usr/share/texmf/tex/latex/base/size12.clo
File: size12.clo 2004/02/16 v1.4f Standard LaTeX file (size option)
)
(/usr/share/texmf/tex/latex/koma-script/typearea.sty
Package: typearea 2004/09/16 v2.9t LaTeX2e KOMA package

Package typearea, 2004/09/16 v2.9t LaTeX2e KOMA package
                  Copyright (C) Frank Neukam, 1992-1994
                  Copyright (C) Markus Kohm, 1994-2002

\ta@bcor=\skip41
\ta@div=\count79
\ta@hblk=\skip42
\ta@vblk=\skip43
\ta@temp=\skip44
Package typearea Info: These are the values describing the layout:
(typearea)             DIV  = 12
(typearea)             BCOR = 0.0pt
(typearea)             \paperwidth      = 597.50793pt
(typearea)              \textwidth      = 448.13095pt
(typearea)              \columnwidth    = 0.0pt
(typearea)              \columnsep      = 0.0pt
(typearea)              DIV-departure   = -6/100
(typearea)              \evensidemargin = 2.4185pt
(typearea)              \oddsidemargin  = 2.4185pt
(typearea)             \paperheight     = 845.04694pt
(typearea)              \textheight     = 635.5pt
(typearea)              \topmargin      = -41.72441pt
(typearea)              \headheight     = 18.125pt
(typearea)              \headsep        = 21.75pt
(typearea)              \topskip        = 12.0pt
(typearea)              \footskip       = 50.75pt
(typearea)              \baselineskip   = 14.5pt
(typearea)              on input line 633.
)
\c@part=\count80
\c@chapter=\count81
\c@section=\count82
\c@subsection=\count83
\c@subsubsection=\count84
\c@paragraph=\count85
\c@subparagraph=\count86
\c@figure=\count87
\c@table=\count88
\abovecaptionskip=\skip45
\belowcaptionskip=\skip46
\c@pti@nb@sid@b@x=\box26
\bibindent=\dimen102
) (/usr/share/texmf/tex/latex/tools/varioref.sty
Package: varioref 2004/02/27 v1.4i package for extended references (FMi)
\c@vrcnt=\count89
)
(/usr/share/texmf/tex/latex/shadow/shadow.sty
Package: shadow 2003/02/19 v1.3 shadow boxes (M.O.)
\txtwdth=\dimen103
\sht=\dimen104
\shw=\dimen105
\shbox=\box27
\sboxsep=\dimen106
\sboxrule=\dimen107
\sdim=\dimen108
) (./include/eurotux.sty
(/usr/share/texmf/tex/generic/babel/babel.sty
Package: babel 2004/11/20 v3.8d The Babel package

(/usr/share/texmf/tex/generic/babel/portuges.ldf
Language: portuges 2004/02/19 v1.2p Portuguese support from the babel system

(/usr/share/texmf/tex/generic/babel/babel.def
File: babel.def 2004/11/20 v3.8d Babel common definitions
\babel@savecnt=\count90
\U@D=\dimen109
)
Package babel Info: Making " an active character on input line 145.
))
(/usr/share/texmf/tex/latex/base/inputenc.sty
Package: inputenc 2004/02/05 v1.0d Input encoding file

(/usr/share/texmf/tex/latex/ucs/utf8x.def
File: utf8x.def 2004/10/17 UCS: Input encoding UTF-8
))
(/usr/share/texmf/tex/latex/ucs/ucs.sty
Package: ucs 2004/10/17 UCS: Unicode input support

(/usr/share/texmf/tex/latex/ucs/data/uni-global.def
File: uni-global.def 2004/10/17 UCS: Unicode global data
)
\uc@secondtry=\count91
\uc@combtoks=\toks14
\uc@combtoksb=\toks15
\uc@temptokena=\toks16
)
(/usr/share/texmf/tex/latex/base/fontenc.sty
Package: fontenc 2004/02/22 v1.99f Standard LaTeX package

(/usr/share/texmf/tex/latex/base/t1enc.def
File: t1enc.def 2004/02/22 v1.99f Standard LaTeX file
LaTeX Font Info:    Redeclaring font encoding T1 on input line 43.
))
(/usr/share/texmf/tex/latex/graphics/color.sty
Package: color 1999/02/16 v1.0i Standard LaTeX Color (DPC)

(/usr/share/texmf/tex/latex/graphics/color.cfg
File: color.cfg 2005/02/03 v1.3 color configuration of teTeX/TeXLive
)
Package color Info: Driver file: pdftex.def on input line 125.

(/usr/share/texmf/tex/latex/graphics/pdftex.def
File: pdftex.def 2002/06/19 v0.03k graphics/color for pdftex
\Gread@gobject=\count92
))
(/usr/share/texmf/tex/latex/graphics/graphicx.sty
Package: graphicx 1999/02/16 v1.0f Enhanced LaTeX Graphics (DPC,SPQR)

(/usr/share/texmf/tex/latex/graphics/keyval.sty
Package: keyval 1999/03/16 v1.13 key=value parser (DPC)
\KV@toks@=\toks17
)
(/usr/share/texmf/tex/latex/graphics/graphics.sty
Package: graphics 2001/07/07 v1.0n Standard LaTeX Graphics (DPC,SPQR)

(/usr/share/texmf/tex/latex/graphics/trig.sty
Package: trig 1999/03/16 v1.09 sin cos tan (DPC)
)
(/usr/share/texmf/tex/latex/graphics/graphics.cfg
File: graphics.cfg 2005/02/03 v1.3 graphics configuration of teTeX/TeXLive
)
Package graphics Info: Driver file: pdftex.def on input line 80.
)
\Gin@req@height=\dimen110
\Gin@req@width=\dimen111
)
(/usr/share/texmf/tex/latex/a4wide/a4wide.sty
Package: a4wide 1994/08/30

(/usr/share/texmf/tex/latex/ntgclass/a4.sty
Package: a4 2004/04/15 v1.2g A4 based page layout
))
(/usr/share/texmf/tex/latex/txfonts/txfonts.sty
Package: txfonts 2005/01/03 v3.2
LaTeX Font Info:    Redeclaring symbol font `operators' on input line 20.
LaTeX Font Info:    Overwriting symbol font `operators' in version `normal'
(Font)                  OT1/cmr/m/n --> OT1/txr/m/n on input line 20.
LaTeX Font Info:    Overwriting symbol font `operators' in version `bold'
(Font)                  OT1/cmr/bx/n --> OT1/txr/m/n on input line 20.
LaTeX Font Info:    Overwriting symbol font `operators' in version `bold'
(Font)                  OT1/txr/m/n --> OT1/txr/bx/n on input line 21.
\symitalic=\mathgroup4
LaTeX Font Info:    Overwriting symbol font `italic' in version `bold'
(Font)                  OT1/txr/m/it --> OT1/txr/bx/it on input line 25.
LaTeX Font Info:    Redeclaring math alphabet \mathrm on input line 27.
LaTeX Font Info:    Redeclaring math alphabet \mathbf on input line 28.
LaTeX Font Info:    Overwriting math alphabet `\mathbf' in version `normal'
(Font)                  OT1/cmr/bx/n --> OT1/txr/bx/n on input line 28.
LaTeX Font Info:    Overwriting math alphabet `\mathbf' in version `bold'
(Font)                  OT1/cmr/bx/n --> OT1/txr/bx/n on input line 28.
LaTeX Font Info:    Redeclaring math alphabet \mathit on input line 29.
LaTeX Font Info:    Overwriting math alphabet `\mathit' in version `normal'
(Font)                  OT1/cmr/m/it --> OT1/txr/m/it on input line 29.
LaTeX Font Info:    Overwriting math alphabet `\mathit' in version `bold'
(Font)                  OT1/cmr/bx/it --> OT1/txr/m/it on input line 29.
LaTeX Font Info:    Overwriting math alphabet `\mathit' in version `bold'
(Font)                  OT1/txr/m/it --> OT1/txr/bx/it on input line 30.
LaTeX Font Info:    Redeclaring math alphabet \mathsf on input line 39.
LaTeX Font Info:    Overwriting math alphabet `\mathsf' in version `normal'
(Font)                  OT1/cmss/m/n --> OT1/txss/m/n on input line 39.
LaTeX Font Info:    Overwriting math alphabet `\mathsf' in version `bold'
(Font)                  OT1/cmss/bx/n --> OT1/txss/m/n on input line 39.
LaTeX Font Info:    Overwriting math alphabet `\mathsf' in version `bold'
(Font)                  OT1/txss/m/n --> OT1/txss/b/n on input line 40.
LaTeX Font Info:    Redeclaring math alphabet \mathtt on input line 49.
LaTeX Font Info:    Overwriting math alphabet `\mathtt' in version `normal'
(Font)                  OT1/cmtt/m/n --> OT1/txtt/m/n on input line 49.
LaTeX Font Info:    Overwriting math alphabet `\mathtt' in version `bold'
(Font)                  OT1/cmtt/m/n --> OT1/txtt/m/n on input line 49.
LaTeX Font Info:    Overwriting math alphabet `\mathtt' in version `bold'
(Font)                  OT1/txtt/m/n --> OT1/txtt/b/n on input line 50.
LaTeX Font Info:    Redeclaring symbol font `letters' on input line 57.
LaTeX Font Info:    Overwriting symbol font `letters' in version `normal'
(Font)                  OML/cmm/m/it --> OML/txmi/m/it on input line 57.
LaTeX Font Info:    Overwriting symbol font `letters' in version `bold'
(Font)                  OML/cmm/b/it --> OML/txmi/m/it on input line 57.
LaTeX Font Info:    Overwriting symbol font `letters' in version `bold'
(Font)                  OML/txmi/m/it --> OML/txmi/bx/it on input line 58.
\symlettersA=\mathgroup5
LaTeX Font Info:    Overwriting symbol font `lettersA' in version `bold'
(Font)                  U/txmia/m/it --> U/txmia/bx/it on input line 66.
LaTeX Font Info:    Redeclaring symbol font `symbols' on input line 76.
LaTeX Font Info:    Overwriting symbol font `symbols' in version `normal'
(Font)                  OMS/cmsy/m/n --> OMS/txsy/m/n on input line 76.
LaTeX Font Info:    Overwriting symbol font `symbols' in version `bold'
(Font)                  OMS/cmsy/b/n --> OMS/txsy/m/n on input line 76.
LaTeX Font Info:    Overwriting symbol font `symbols' in version `bold'
(Font)                  OMS/txsy/m/n --> OMS/txsy/bx/n on input line 77.
\symAMSa=\mathgroup6
LaTeX Font Info:    Overwriting symbol font `AMSa' in version `bold'
(Font)                  U/txsya/m/n --> U/txsya/bx/n on input line 93.
\symAMSb=\mathgroup7
LaTeX Font Info:    Overwriting symbol font `AMSb' in version `bold'
(Font)                  U/txsyb/m/n --> U/txsyb/bx/n on input line 102.
\symsymbolsC=\mathgroup8
LaTeX Font Info:    Overwriting symbol font `symbolsC' in version `bold'
(Font)                  U/txsyc/m/n --> U/txsyc/bx/n on input line 112.
LaTeX Font Info:    Redeclaring symbol font `largesymbols' on input line 119.
LaTeX Font Info:    Overwriting symbol font `largesymbols' in version `normal'
(Font)                  OMX/cmex/m/n --> OMX/txex/m/n on input line 119.
LaTeX Font Info:    Overwriting symbol font `largesymbols' in version `bold'
(Font)                  OMX/cmex/m/n --> OMX/txex/m/n on input line 119.
LaTeX Font Info:    Overwriting symbol font `largesymbols' in version `bold'
(Font)                  OMX/txex/m/n --> OMX/txex/bx/n on input line 120.
\symlargesymbolsA=\mathgroup9
LaTeX Font Info:    Overwriting symbol font `largesymbolsA' in version `bold'
(Font)                  U/txexa/m/n --> U/txexa/bx/n on input line 128.
LaTeX Info: Redefining \not on input line 1042.
)
(/usr/share/texmf/tex/latex/fancyhdr/fancyhdr.sty
\fancy@headwidth=\skip47
\f@ncyO@elh=\skip48
\f@ncyO@erh=\skip49
\f@ncyO@olh=\skip50
\f@ncyO@orh=\skip51
\f@ncyO@elf=\skip52
\f@ncyO@erf=\skip53
\f@ncyO@olf=\skip54
\f@ncyO@orf=\skip55
)
(/usr/share/texmf/tex/latex/lastpage/lastpage.sty
Package: lastpage 1994/06/25 v0.1b LaTeX2e package for refs to last page number
 (JPG)
) (./include/vars.tex)
(/usr/share/texmf/tex/latex/fancyvrb/fancyvrb.sty
Package: fancyvrb 1998/07/17

Style option: `fancyvrb' v2.6, with DG/SPQR fixes <1998/07/17> (tvz)
\FV@CodeLineNo=\count93
\FV@InFile=\read1
\FV@TabBox=\box28
\c@FancyVerbLine=\count94
\FV@StepNumber=\count95
\FV@OutFile=\write3

No file fancyvrb.cfg.
) (/usr/share/texmf/tex/latex/float/float.sty
Package: float 2001/11/08 v1.3d Float enhancements (AL)
\c@float@type=\count96
\float@exts=\toks18
\float@box=\box29
\@float@everytoks=\toks19
\@floatcapt=\box30
)
\@float@every@table=\toks20
\@float@every@figure=\toks21

(/usr/share/texmf/tex/latex/eso-pic/eso-pic.sty
Package: eso-pic 2002/11/16 v1.1b eso-pic (RN)

(/usr/share/texmf/tex/latex/ms/everyshi.sty
Package: everyshi 2001/05/15 v3.00 EveryShipout Package (MS)
))
(/usr/share/texmf/tex/latex/tools/tabularx.sty
Package: tabularx 1999/01/07 v2.07 `tabularx' package (DPC)

(/usr/share/texmf/tex/latex/tools/array.sty
Package: array 2003/12/17 v2.4a Tabular extension package (FMi)
\col@sep=\dimen112
\extrarowheight=\dimen113
\NC@list=\toks22
\extratabsurround=\skip56
\backup@length=\skip57
)
\TX@col@width=\dimen114
\TX@old@table=\dimen115
\TX@old@col=\dimen116
\TX@target=\dimen117
\TX@delta=\dimen118
\TX@cols=\count97
\TX@ftn=\toks23
)
(/usr/share/texmf/tex/latex/xcolor/xcolor.sty
Package: xcolor 2004/07/04 v2.00 LaTeX color extensions (UK)

(/usr/share/texmf/tex/latex/graphics/color.cfg
File: color.cfg 2005/02/03 v1.3 color configuration of teTeX/TeXLive
)
Package xcolor Info: Driver file: pdftex.def on input line 136.

(/usr/share/texmf/tex/latex/carlisle/colortbl.sty
Package: colortbl 2001/02/13 v0.1j Color table columns (DPC)
\everycr=\toks24
\minrowclearance=\skip58
)
LaTeX Info: Redefining \color on input line 494.
Package xcolor Info: Color model `cmy' added on input line 972.
Package xcolor Info: Color model `hsb' added on input line 980.
Package xcolor Info: Color model `HTML' added on input line 1000.
Package xcolor Info: Color model `HSB' added on input line 1006.
Package xcolor Info: Color model `Gray' added on input line 1012.

(/usr/share/texmf/tex/latex/graphics/dvipsnam.def
File: dvipsnam.def 1999/02/16 v3.0i Driver-dependant file (DPC,SPQR)
))
(/usr/share/texmf/tex/latex/hyperref/hyperref.sty
Package: hyperref 2003/11/30 v6.74m Hypertext links for LaTeX
\@linkdim=\dimen119
\Hy@linkcounter=\count98
\Hy@pagecounter=\count99

(/usr/share/texmf/tex/latex/hyperref/pd1enc.def
File: pd1enc.def 2003/11/30 v6.74m Hyperref: PDFDocEncoding definition (HO)
)
(/usr/share/texmf/tex/latex/hyperref/hyperref.cfg
File: hyperref.cfg 2002/06/06 v1.2 hyperref configuration of TeXLive and teTeX
)
Package hyperref Info: Option `colorlinks' set `true' on input line 1830.
Package hyperref Info: Option `linktocpage' set `true' on input line 1830.


Package hyperref Warning: Token not allowed in a PDFDocEncoded string,
(hyperref)                removing `\begingroup' on input line 1830.


Package hyperref Warning: Token not allowed in a PDFDocEncoded string,
(hyperref)                removing `\<let>-command' on input line 1830.


Package hyperref Warning: Token not allowed in a PDFDocEncoded string,
(hyperref)                removing `\endgroup' on input line 1830.

Package hyperref Info: Option `bookmarks' set `true' on input line 1830.
Package hyperref Info: Option `bookmarksopen' set `true' on input line 1830.
Package hyperref Info: Option `bookmarksnumbered' set `true' on input line 1830
.
Package hyperref Info: Hyper figures OFF on input line 1880.
Package hyperref Info: Link nesting OFF on input line 1885.
Package hyperref Info: Hyper index ON on input line 1888.
Package hyperref Info: Plain pages ON on input line 1893.
Package hyperref Info: Backreferencing OFF on input line 1900.
Implicit mode ON; LaTeX internals redefined
Package hyperref Info: Bookmarks ON on input line 2004.
(/usr/share/texmf/tex/latex/url/url.sty
\Urlmuskip=\muskip10
Package: url 2004/03/15  ver 3.1  Verb mode for urls, etc.
)
LaTeX Info: Redefining \url on input line 2143.
\Fld@menulength=\count100
\Field@Width=\dimen120
\Fld@charsize=\dimen121
\Choice@toks=\toks25
\Field@toks=\toks26
Package hyperref Info: Hyper figures OFF on input line 2618.
Package hyperref Info: Link nesting OFF on input line 2623.
Package hyperref Info: Hyper index ON on input line 2626.
Package hyperref Info: backreferencing OFF on input line 2633.
Package hyperref Info: Link coloring ON on input line 2636.
\c@Item=\count101
)
*hyperref using driver hpdftex*
(/usr/share/texmf/tex/latex/hyperref/hpdftex.def
File: hpdftex.def 2003/11/30 v6.74m Hyperref driver for pdfTeX

(/usr/share/texmf/tex/latex/psnfss/pifont.sty
Package: pifont 2004/09/15 PSNFSS-v9.2 Pi font support (SPQR) 
LaTeX Font Info:    Try loading font information for U+pzd on input line 63.

(/usr/share/texmf/tex/latex/psnfss/upzd.fd
File: upzd.fd 2001/06/04 font definitions for U/pzd.
)
LaTeX Font Info:    Try loading font information for U+psy on input line 64.

(/usr/share/texmf/tex/latex/psnfss/upsy.fd
File: upsy.fd 2001/06/04 font definitions for U/psy.
))
\Fld@listcount=\count102
\@outlinefile=\write4
)) (./manual-etva-cm.aux)
\openout1 = `manual-etva-cm.aux'.

LaTeX Font Info:    Checking defaults for OML/txmi/m/it on input line 18.
LaTeX Font Info:    Try loading font information for OML+txmi on input line 18.


(/usr/share/texmf/tex/latex/txfonts/omltxmi.fd
File: omltxmi.fd 2000/12/15 v3.1
)
LaTeX Font Info:    ... okay on input line 18.
LaTeX Font Info:    Checking defaults for T1/cmr/m/n on input line 18.
LaTeX Font Info:    ... okay on input line 18.
LaTeX Font Info:    Checking defaults for OT1/cmr/m/n on input line 18.
LaTeX Font Info:    ... okay on input line 18.
LaTeX Font Info:    Checking defaults for OMS/txsy/m/n on input line 18.
LaTeX Font Info:    Try loading font information for OMS+txsy on input line 18.


(/usr/share/texmf/tex/latex/txfonts/omstxsy.fd
File: omstxsy.fd 2000/12/15 v3.1
)
LaTeX Font Info:    ... okay on input line 18.
LaTeX Font Info:    Checking defaults for OMX/txex/m/n on input line 18.
LaTeX Font Info:    Try loading font information for OMX+txex on input line 18.


(/usr/share/texmf/tex/latex/txfonts/omxtxex.fd
File: omxtxex.fd 2000/12/15 v3.1
)
LaTeX Font Info:    ... okay on input line 18.
LaTeX Font Info:    Checking defaults for U/txexa/m/n on input line 18.
LaTeX Font Info:    Try loading font information for U+txexa on input line 18.

(/usr/share/texmf/tex/latex/txfonts/utxexa.fd
File: utxexa.fd 2000/12/15 v3.1
)
LaTeX Font Info:    ... okay on input line 18.
LaTeX Font Info:    Checking defaults for PD1/pdf/m/n on input line 18.
LaTeX Font Info:    ... okay on input line 18.
LaTeX Font Info:    Try loading font information for T1+txss on input line 18.

(/usr/share/texmf/tex/latex/txfonts/t1txss.fd
File: t1txss.fd 2000/12/15 v3.1
)
LaTeX Font Info:    Font shape `T1/txss/m/n' will be
(Font)              scaled to size 11.39996pt on input line 18.

(/usr/share/texmf/tex/latex/ucs/ucsencs.def
File: ucsencs.def 2003/11/29 Fixes to fontencodings LGR, T3
)
(/usr/share/texmf/tex/context/base/supp-pdf.tex
(/usr/share/texmf/tex/context/base/supp-mis.tex
loading : Context Support Macros / Miscellaneous (2004.10.26)
\protectiondepth=\count103
\scratchcounter=\count104
\scratchtoks=\toks27
\scratchdimen=\dimen122
\scratchskip=\skip59
\scratchmuskip=\muskip11
\scratchbox=\box31
\scratchread=\read2
\scratchwrite=\write5
\zeropoint=\dimen123
\onepoint=\dimen124
\onebasepoint=\dimen125
\minusone=\count105
\thousandpoint=\dimen126
\onerealpoint=\dimen127
\emptytoks=\toks28
\nextbox=\box32
\nextdepth=\dimen128
\everyline=\toks29
\!!counta=\count106
\!!countb=\count107
\recursecounter=\count108
)
loading : Context Support Macros / PDF (2004.03.26)
\nofMPsegments=\count109
\nofMParguments=\count110
\MPscratchCnt=\count111
\MPscratchDim=\dimen129
\MPnumerator=\count112
\everyMPtoPDFconversion=\toks30
) ABD: EveryShipout initializing macros
\rownum=\count113
Package hyperref Info: Link coloring ON on input line 18.

(/usr/share/texmf/tex/latex/hyperref/nameref.sty
Package: nameref 2003/12/03 v2.21 Cross-referencing by name of section
\c@section@level=\count114
)
LaTeX Info: Redefining \ref on input line 18.
LaTeX Info: Redefining \pageref on input line 18.
 (./manual-etva-cm.out)
(./manual-etva-cm.out)
\openout4 = `manual-etva-cm.out'.

 <include/img/logo.png, id=123, 311.9655pt x 246.6816pt>
File: include/img/logo.png Graphic file (type png)

<use include/img/logo.png>
LaTeX Font Info:    Font shape `T1/txss/m/n' will be
(Font)              scaled to size 23.63593pt on input line 20.
LaTeX Font Info:    Font shape `T1/txss/m/n' will be
(Font)              scaled to size 16.41594pt on input line 20.
LaTeX Font Info:    Font shape `T1/txss/m/it' in size <17.28> not available
(Font)              Font shape `T1/txss/m/sl' tried instead on input line 20.
LaTeX Font Info:    Font shape `T1/txss/m/sl' will be
(Font)              scaled to size 16.41594pt on input line 20.
 (/usr/share/texmf/tex/latex/ucs/data/uni-0.def
File: uni-0.def 2004/10/17 UCS: Unicode data U+0000..U+00FF
)
LaTeX Font Info:    Font shape `T1/txss/m/n' will be
(Font)              scaled to size 13.67995pt on input line 20.

<include/img/logo_PME_excelencia_09.png, id=124, 19.5129pt x 24.09pt>
File: include/img/logo_PME_excelencia_09.png Graphic file (type png)

<use include/img/logo_PME_excelencia_09.png> [1

{/usr/share/texmf-var/fonts/map/pdftex/updmap/pdftex.map} <./include/img/logo.p
ng> <./include/img/logo_PME_excelencia_09.png>]
LaTeX Font Info:    Font shape `T1/txss/bx/n' will be
(Font)              scaled to size 11.39996pt on input line 22.
LaTeX Font Info:    Font shape `T1/txss/bx/n' will be
(Font)              scaled to size 16.41594pt on input line 22.
LaTeX Font Info:    Font shape `T1/txss/m/it' in size <12> not available
(Font)              Font shape `T1/txss/m/sl' tried instead on input line 23.
LaTeX Font Info:    Font shape `T1/txss/m/sl' will be
(Font)              scaled to size 11.39996pt on input line 23.
LaTeX Font Info:    Try loading font information for T1+txtt on input line 23.
 (/usr/share/texmf/tex/latex/txfonts/t1txtt.fd
File: t1txtt.fd 2000/12/15 v3.1
) [2

]
LaTeX Font Info:    Font shape `T1/txss/bx/n' will be
(Font)              scaled to size 23.63593pt on input line 27.

(./manual-etva-cm.toc
LaTeX Font Info:    Try loading font information for OT1+txr on input line 3.
 (/usr/share/texmf/tex/latex/txfonts/ot1txr.fd
File: ot1txr.fd 2000/12/15 v3.1
)
LaTeX Font Info:    Try loading font information for U+txmia on input line 3.

(/usr/share/texmf/tex/latex/txfonts/utxmia.fd
File: utxmia.fd 2000/12/15 v3.1
)
LaTeX Font Info:    Try loading font information for U+txsya on input line 3.

(/usr/share/texmf/tex/latex/txfonts/utxsya.fd
File: utxsya.fd 2000/12/15 v3.1
)
LaTeX Font Info:    Try loading font information for U+txsyb on input line 3.

(/usr/share/texmf/tex/latex/txfonts/utxsyb.fd
File: utxsyb.fd 2000/12/15 v3.1
)
LaTeX Font Info:    Try loading font information for U+txsyc on input line 3.

(/usr/share/texmf/tex/latex/txfonts/utxsyc.fd
File: utxsyc.fd 2000/12/15 v3.1
))
\tf@toc=\write6
\openout6 = `manual-etva-cm.toc'.

File: include/img/logo.png Graphic file (type png)
 <use include/img/logo.png>

Package Fancyhdr Warning: \headheight is too small (18.125pt): 
 Make it at least 21.42186pt.
 We now make it that large for the rest of the document.
 This may cause the page layout to be inconsistent, however.

[3

] (./manual-etva-cm.lof
File: include/img/logo.png Graphic file (type png)
 <use include/img/logo.png> [4

])
\tf@lof=\write7
\openout7 = `manual-etva-cm.lof'.

 (./etva-cm.tex
File: include/img/logo.png Graphic file (type png)

<use include/img/logo.png> [5]
Cap\'{\i }tulo 1.
LaTeX Font Info:    Try loading font information for OMS+txss on input line 9.
LaTeX Font Info:    No file OMStxss.fd. on input line 9.

LaTeX Font Warning: Font shape `OMS/txss/m/n' undefined
(Font)              using `OMS/txsy/m/n' instead
(Font)              for symbol `textbullet' on input line 9.

<screenshots/etva_blocos.png, id=269, 1259.76529pt x 661.76646pt>
File: screenshots/etva_blocos.png Graphic file (type png)

<use screenshots/etva_blocos.png>
LaTeX Font Info:    Try loading font information for T1+txr on input line 16.
 (/usr/share/texmf/tex/latex/txfonts/t1txr.fd
File: t1txr.fd 2000/12/15 v3.1
)
File: include/img/logo.png Graphic file (type png)
<use include/img/logo.png> [6

 <./screenshots/etva_blocos.png>]
<screenshots/etva_standard.png, id=281, 548.40176pt x 735.45354pt>
File: screenshots/etva_standard.png Graphic file (type png)

<use screenshots/etva_standard.png>
<screenshots/etva_enterprise.png, id=282, 597.23125pt x 465.74pt>
File: screenshots/etva_enterprise.png Graphic file (type png)

<use screenshots/etva_enterprise.png>
File: include/img/logo.png Graphic file (type png)
 <use include/img/logo.png> [7 <./screenshots/etva_standard.png>]
File: include/img/logo.png Graphic file (type png)
 <use include/img/logo.png> [8 <./screenshots/etva_enterprise.png>]
Cap\'{\i }tulo 2.
LaTeX Font Info:    Font shape `T1/txss/bx/it' in size <12> not available
(Font)              Font shape `T1/txss/bx/sl' tried instead on input line 59.
LaTeX Font Info:    Font shape `T1/txss/bx/sl' will be
(Font)              scaled to size 11.39996pt on input line 59.
<screenshots/principal.png, id=296, 940.51375pt x 445.665pt>
File: screenshots/principal.png Graphic file (type png)

<use screenshots/principal.png>
Overfull \hbox (9.53448pt too wide) in paragraph at lines 66--69
 [] 
 []

File: include/img/logo.png Graphic file (type png)
<use include/img/logo.png> [9

]
File: include/img/logo.png Graphic file (type png)
 <use include/img/logo.png> [10 <./screenshots/principal.png>]
LaTeX Font Info:    Font shape `T1/txss/m/n' will be
(Font)              scaled to size 7.59998pt on input line 77.
LaTeX Font Info:    Font shape `T1/txss/m/n' will be
(Font)              scaled to size 9.49997pt on input line 77.
LaTeX Font Info:    Font shape `T1/txss/m/n' will be
(Font)              scaled to size 6.64998pt on input line 77.
 <screenshots/login.png, id=312, 369.38pt x 207.77625pt>
File: screenshots/login.png Graphic file (type png)

<use screenshots/login.png>
LaTeX Font Info:    Font shape `T1/txss/bx/n' will be
(Font)              scaled to size 13.67995pt on input line 90.

Overfull \hbox (31.64815pt too wide) in paragraph at lines 90--93
[]$ 
 []

<screenshots/first_time_wizard.png, id=313, 613.29124pt x 519.9425pt>
File: screenshots/first_time_wizard.png Graphic file (type png)

<use screenshots/first_time_wizard.png>
File: include/img/logo.png Graphic file (type png)
 <use include/img/logo.png> [11 <./screenshots/login.png>]
File: include/img/logo.png Graphic file (type png)
 <use include/img/logo.png> [12 <./screenshots/first_time_wizard.png>]
File: include/img/logo.png Graphic file (type png)
 <use include/img/logo.png> [13]
<screenshots/main_nodes.png, id=332, 939.51pt x 498.86375pt>
File: screenshots/main_nodes.png Graphic file (type png)

<use screenshots/main_nodes.png>
Overfull \hbox (9.03261pt too wide) in paragraph at lines 135--138
 [] 
 []

<screenshots/main_networks.png, id=333, 949.5475pt x 565.11125pt>
File: screenshots/main_networks.png Graphic file (type png)

<use screenshots/main_networks.png>
Overfull \hbox (14.05135pt too wide) in paragraph at lines 153--156
 [] 
 []

File: include/img/logo.png Graphic file (type png)
<use include/img/logo.png> [14 <./screenshots/main_nodes.png>]
Overfull \hbox (31.64815pt too wide) in paragraph at lines 166--169
[]$ 
 []

LaTeX Font Info:    Font shape `T1/txss/m/it' in size <10> not available
(Font)              Font shape `T1/txss/m/sl' tried instead on input line 172.
LaTeX Font Info:    Font shape `T1/txss/m/sl' will be
(Font)              scaled to size 9.49997pt on input line 172.
<screenshots/network_create.png, id=340, 301.125pt x 166.6225pt>
File: screenshots/network_create.png Graphic file (type png)

<use screenshots/network_create.png>
File: include/img/logo.png Graphic file (type png)
 <use include/img/logo.png> [15 <./screenshots/main_networks.png>]
<screenshots/networks_macpool.png, id=348, 466.74374pt x 430.60875pt>
File: screenshots/networks_macpool.png Graphic file (type png)

<use screenshots/networks_macpool.png>
<screenshots/nics.png, id=349, 602.25pt x 301.125pt>
File: screenshots/nics.png Graphic file (type png)

<use screenshots/nics.png>
File: include/img/logo.png Graphic file (type png)
 <use include/img/logo.png> [16 <./screenshots/network_create.png> <./screensho
ts/networks_macpool.png>]
<screenshots/node_info.png, id=356, 940.51375pt x 446.66875pt>
File: screenshots/node_info.png Graphic file (type png)

<use screenshots/node_info.png>
Overfull \hbox (9.53448pt too wide) in paragraph at lines 227--230
 [] 
 []

File: include/img/logo.png Graphic file (type png)
<use include/img/logo.png> [17 <./screenshots/nics.png>]
<screenshots/node_servers.png, id=365, 941.5175pt x 445.665pt>
File: screenshots/node_servers.png Graphic file (type png)

<use screenshots/node_servers.png>
Overfull \hbox (10.03636pt too wide) in paragraph at lines 245--248
 [] 
 []

File: include/img/logo.png Graphic file (type png)
<use include/img/logo.png> [18 <./screenshots/node_info.png>]
Overfull \hbox (31.64815pt too wide) in paragraph at lines 256--259
[]$ 
 []

<screenshots/server_createwiz.png, id=371, 614.295pt x 450.68375pt>
File: screenshots/server_createwiz.png Graphic file (type png)

<use screenshots/server_createwiz.png>
File: include/img/logo.png Graphic file (type png)
 <use include/img/logo.png> [19 <./screenshots/node_servers.png>]
<screenshots/server_createwiz_name.png, id=378, 614.295pt x 451.6875pt>
File: screenshots/server_createwiz_name.png Graphic file (type png)

<use screenshots/server_createwiz_name.png>
File: include/img/logo.png Graphic file (type png)
 <use include/img/logo.png> [20 <./screenshots/server_createwiz.png>]
<screenshots/server_createwiz_memory.png, id=384, 616.3025pt x 450.68375pt>
File: screenshots/server_createwiz_memory.png Graphic file (type png)

<use screenshots/server_createwiz_memory.png>
<screenshots/server_createwiz_processor.png, id=385, 616.3025pt x 451.6875pt>
File: screenshots/server_createwiz_processor.png Graphic file (type png)

<use screenshots/server_createwiz_processor.png>
File: include/img/logo.png Graphic file (type png)
 <use include/img/logo.png>
[21 <./screenshots/server_createwiz_name.png> <./screenshots/server_createwiz_m
emory.png>]
Overfull \hbox (53.97282pt too wide) in paragraph at lines 324--327
[]$ 
 []

<screenshots/server_createwiz_storage.png, id=391, 614.295pt x 451.6875pt>
File: screenshots/server_createwiz_storage.png Graphic file (type png)

<use screenshots/server_createwiz_storage.png>
File: include/img/logo.png Graphic file (type png)
 <use include/img/logo.png>
[22 <./screenshots/server_createwiz_processor.png>]
<screenshots/server_createwiz_nettype.png, id=398, 613.29124pt x 452.69125pt>
File: screenshots/server_createwiz_nettype.png Graphic file (type png)

<use screenshots/server_createwiz_nettype.png>
File: include/img/logo.png Graphic file (type png)
 <use include/img/logo.png>
[23 <./screenshots/server_createwiz_storage.png>]
<screenshots/server_createwiz_hostnet.png, id=404, 615.29875pt x 449.68pt>
File: screenshots/server_createwiz_hostnet.png Graphic file (type png)

<use screenshots/server_createwiz_hostnet.png>
File: include/img/logo.png Graphic file (type png)
 <use include/img/logo.png>
[24 <./screenshots/server_createwiz_nettype.png> <./screenshots/server_createwi
z_hostnet.png>]
<screenshots/server_createwiz_startup.png, id=410, 612.2875pt x 451.6875pt>
File: screenshots/server_createwiz_startup.png Graphic file (type png)

<use screenshots/server_createwiz_startup.png>
<screenshots/server_createwiz_finish.png, id=411, 613.29124pt x 451.6875pt>
File: screenshots/server_createwiz_finish.png Graphic file (type png)

<use screenshots/server_createwiz_finish.png>
File: include/img/logo.png Graphic file (type png)
 <use include/img/logo.png>
[25 <./screenshots/server_createwiz_startup.png>]
<screenshots/server_remove.png, id=419, 280.04625pt x 147.55125pt>
File: screenshots/server_remove.png Graphic file (type png)

<use screenshots/server_remove.png>
Overfull \hbox (31.64815pt too wide) in paragraph at lines 417--420
[]$ 
 []

File: include/img/logo.png Graphic file (type png)
<use include/img/logo.png> [26 <./screenshots/server_createwiz_finish.png> <./s
creenshots/server_remove.png>]
<screenshots/server_start.png, id=425, 942.52126pt x 498.86375pt>
File: screenshots/server_start.png Graphic file (type png)

<use screenshots/server_start.png>
Overfull \hbox (10.53824pt too wide) in paragraph at lines 435--438
 [] 
 []

File: screenshots/server_start.png Graphic file (type png)
<use screenshots/server_start.png>
Overfull \hbox (10.53824pt too wide) in paragraph at lines 450--453
 [] 
 []

File: include/img/logo.png Graphic file (type png)
<use include/img/logo.png> [27 <./screenshots/server_start.png>]
Overfull \hbox (31.64815pt too wide) in paragraph at lines 471--474
[]$ 
 []

File: include/img/logo.png Graphic file (type png)
<use include/img/logo.png> [28]
<screenshots/node_storage.png, id=436, 942.52126pt x 447.6725pt>
File: screenshots/node_storage.png Graphic file (type png)

<use screenshots/node_storage.png>
Overfull \hbox (10.53824pt too wide) in paragraph at lines 479--482
 [] 
 []

<screenshots/node_storage_device_ctx.png, id=437, 940.51375pt x 446.66875pt>
File: screenshots/node_storage_device_ctx.png Graphic file (type png)

<use screenshots/node_storage_device_ctx.png>
Overfull \hbox (9.53448pt too wide) in paragraph at lines 496--499
 [] 
 []

File: include/img/logo.png Graphic file (type png)
<use include/img/logo.png> [29 <./screenshots/node_storage.png>]
Overfull \hbox (31.64815pt too wide) in paragraph at lines 506--509
[]$ 
 []

<screenshots/node_storage_vg_ctx.png, id=443, 939.51pt x 446.66875pt>
File: screenshots/node_storage_vg_ctx.png Graphic file (type png)

<use screenshots/node_storage_vg_ctx.png>
Overfull \hbox (9.03261pt too wide) in paragraph at lines 524--527
 [] 
 []

File: include/img/logo.png Graphic file (type png)
<use include/img/logo.png> [30 <./screenshots/node_storage_device_ctx.png>]
Overfull \hbox (2.42404pt too wide) in paragraph at lines 533--534
[]\T1/txss/m/n/12 Um \T1/txss/m/sl/12 phy-si-cal vo-lume \T1/txss/m/n/12 está d
is-po-ní-vel quando não está alo-cado a um \T1/txss/m/sl/12 vo-lume group \T1/t
xss/m/n/12 e encontra-
 []

<screenshots/storage_vg_create.png, id=449, 511.9125pt x 352.31625pt>
File: screenshots/storage_vg_create.png Graphic file (type png)

<use screenshots/storage_vg_create.png>
File: include/img/logo.png Graphic file (type png)
 <use include/img/logo.png> [31 <./screenshots/node_storage_vg_ctx.png> <./scre
enshots/storage_vg_create.png>]
Overfull \hbox (31.64815pt too wide) in paragraph at lines 547--550
[]$ 
 []

<screenshots/storage_vg_extend.png, id=456, 940.51375pt x 445.665pt>
File: screenshots/storage_vg_extend.png Graphic file (type png)

<use screenshots/storage_vg_extend.png>
Overfull \hbox (9.53448pt too wide) in paragraph at lines 554--557
 [] 
 []

<screenshots/node_storage_lv_ctx.png, id=457, 941.5175pt x 444.66125pt>
File: screenshots/node_storage_lv_ctx.png Graphic file (type png)

<use screenshots/node_storage_lv_ctx.png>
Overfull \hbox (10.03636pt too wide) in paragraph at lines 575--578
 [] 
 []

File: include/img/logo.png Graphic file (type png)
<use include/img/logo.png> [32 <./screenshots/storage_vg_extend.png>]
<screenshots/storage_lv_create.png, id=464, 433.62pt x 211.79124pt>
File: screenshots/storage_lv_create.png Graphic file (type png)

<use screenshots/storage_lv_create.png>
Overfull \hbox (31.64815pt too wide) in paragraph at lines 596--599
[]$ 
 []

File: include/img/logo.png Graphic file (type png)
<use include/img/logo.png> [33 <./screenshots/node_storage_lv_ctx.png> <./scree
nshots/storage_lv_create.png>]
<screenshots/storage_lv_resize.png, id=470, 331.2375pt x 201.75375pt>
File: screenshots/storage_lv_resize.png Graphic file (type png)

<use screenshots/storage_lv_resize.png>
File: include/img/logo.png Graphic file (type png)
 <use include/img/logo.png> [34 <./screenshots/storage_lv_resize.png>]
<screenshots/server_info.png, id=476, 941.5175pt x 445.665pt>
File: screenshots/server_info.png Graphic file (type png)

<use screenshots/server_info.png>
Overfull \hbox (10.03636pt too wide) in paragraph at lines 639--642
 [] 
 []

File: include/img/logo.png Graphic file (type png)
<use include/img/logo.png> [35]
<screenshots/server_stats_nodeLoad.png, id=487, 940.51375pt x 603.25375pt>
File: screenshots/server_stats_nodeLoad.png Graphic file (type png)

<use screenshots/server_stats_nodeLoad.png>
Overfull \hbox (9.53448pt too wide) in paragraph at lines 658--661
 [] 
 []

File: include/img/logo.png Graphic file (type png)
<use include/img/logo.png> [36 <./screenshots/server_info.png>]
<screenshots/server_stats_nodeLoadRange.png, id=493, 651.43375pt x 354.32375pt>
File: screenshots/server_stats_nodeLoadRange.png Graphic file (type png)
<use screenshots/server_stats_nodeLoadRange.png>
File: include/img/logo.png Graphic file (type png)
 <use include/img/logo.png>
[37 <./screenshots/server_stats_nodeLoad.png>]
<screenshots/server_networks.png, id=501, 939.51pt x 603.25375pt>
File: screenshots/server_networks.png Graphic file (type png)

<use screenshots/server_networks.png>
Overfull \hbox (9.03261pt too wide) in paragraph at lines 690--693
 [] 
 []

File: include/img/logo.png Graphic file (type png)
<use include/img/logo.png> [38 <./screenshots/server_stats_nodeLoadRange.png>])
AED: lastpage setting LastPage
File: include/img/logo.png Graphic file (type png)
 <use include/img/logo.png> [39 <./screenshots/server_networks.png>] (./manual-
etva-cm.aux)

LaTeX Font Warning: Some font shapes were not available, defaults substituted.


LaTeX Warning: Label(s) may have changed. Rerun to get cross-references right.

 ) 
Here is how much of TeX's memory you used:
 7006 strings out of 94500
 95017 string characters out of 1176767
 164819 words of memory out of 1000000
 9835 multiletter control sequences out of 10000+50000
 75249 words of font info for 127 fonts, out of 500000 for 2000
 580 hyphenation exceptions out of 1000
 51i,16n,51p,753b,657s stack positions out of 1500i,500n,5000p,200000b,5000s
PDF statistics:
 510 PDF objects out of 300000
 109 named destinations out of 131072
 439 words of extra memory for PDF output out of 65536
{/usr/share/texmf/fonts/enc/dvips/psnfss/8r.enc}</usr/share/texmf/fonts/type1
/urw/helvetic/uhvb8a.pfb></usr/share/texmf/fonts/type1/urw/times/utmr8a.pfb></u
sr/share/texmf/fonts/type1/public/txfonts/txsy.pfb></usr/share/texmf/fonts/type
1/public/txfonts/t1xtt.pfb></usr/share/texmf/fonts/type1/urw/helvetic/uhvb8a.pf
b></usr/share/texmf/fonts/type1/urw/helvetic/uhvr8a.pfb></usr/share/texmf/fonts
/type1/urw/helvetic/uhvr8a.pfb>
Output written on manual-etva-cm.pdf (39 pages, 773476 bytes).
